1603401916923	geckodriver	INFO	Listening on 127.0.0.1:61094
1603401919974	mozrunner::runner	INFO	Running command: "C:\\Program Files\\Mozilla Firefox\\firefox.exe" "--marionette" "-foreground" "-no-remote" "-profile" "C:\\Users\\90552\\AppData\\Local\\Temp\\rust_mozprofileKSEcYF"
Can't find symbol 'eglSwapBuffersWithDamageEXT'.
JavaScript error: resource://gre/modules/XULStore.jsm, line 66: Error: Can't find profile directory.
console.warn: SearchSettings: "get: No settings file exists, new profile?" (new Error("", "(unknown module)"))
1603401921863	Marionette	INFO	Listening on port 61102
1603401921993	Marionette	WARN	TLS certificate errors will be ignored for this session
Can't find symbol 'eglSwapBuffersWithDamageEXT'.
1603401939154	Marionette	INFO	Stopped listening on port 61102

###!!! [Child][RunMessage] Error: Channel closing: too late to send/recv, messages will be lost


###!!! [Child][MessageChannel::SendAndWait] Error: Channel error: cannot send/recv

1603401963927	geckodriver	INFO	Listening on 127.0.0.1:61279
1603401966974	mozrunner::runner	INFO	Running command: "C:\\Program Files\\Mozilla Firefox\\firefox.exe" "--marionette" "-foreground" "-no-remote" "-profile" "C:\\Users\\90552\\AppData\\Local\\Temp\\rust_mozprofileWiwqws"
Can't find symbol 'eglSwapBuffersWithDamageEXT'.
JavaScript error: resource://gre/modules/XULStore.jsm, line 66: Error: Can't find profile directory.
console.warn: SearchSettings: "get: No settings file exists, new profile?" (new Error("", "(unknown module)"))
1603401968683	Marionette	INFO	Listening on port 61287
1603401968998	Marionette	WARN	TLS certificate errors will be ignored for this session
Can't find symbol 'eglSwapBuffersWithDamageEXT'.
1603401985597	Marionette	INFO	Stopped listening on port 61287

###!!! [Child][RunMessage] Error: Channel closing: too late to send/recv, messages will be lost


###!!! [Child][MessageChannel::SendAndWait] Error: Channel error: cannot send/recv

1603402419237	geckodriver	INFO	Listening on 127.0.0.1:61508
1603402422286	mozrunner::runner	INFO	Running command: "C:\\Program Files\\Mozilla Firefox\\firefox.exe" "--marionette" "-foreground" "-no-remote" "-profile" "C:\\Users\\90552\\AppData\\Local\\Temp\\rust_mozprofileZ69RMc"
Can't find symbol 'eglSwapBuffersWithDamageEXT'.
JavaScript error: resource://gre/modules/XULStore.jsm, line 66: Error: Can't find profile directory.
console.warn: SearchSettings: "get: No settings file exists, new profile?" (new Error("", "(unknown module)"))
1603402424156	Marionette	INFO	Listening on port 61516
1603402424305	Marionette	WARN	TLS certificate errors will be ignored for this session
Can't find symbol 'eglSwapBuffersWithDamageEXT'.
1603402437307	Marionette	INFO	Stopped listening on port 61516

###!!! [Child][RunMessage] Error: Channel closing: too late to send/recv, messages will be lost


###!!! [Child][MessageChannel::SendAndWait] Error: Channel error: cannot send/recv

1603403042516	geckodriver	INFO	Listening on 127.0.0.1:61688
1603403045545	mozrunner::runner	INFO	Running command: "C:\\Program Files\\Mozilla Firefox\\firefox.exe" "--marionette" "-foreground" "-no-remote" "-profile" "C:\\Users\\90552\\AppData\\Local\\Temp\\rust_mozprofileYUUaje"
Can't find symbol 'eglSwapBuffersWithDamageEXT'.
JavaScript error: resource://gre/modules/XULStore.jsm, line 66: Error: Can't find profile directory.
console.warn: SearchSettings: "get: No settings file exists, new profile?" (new Error("", "(unknown module)"))
1603403047348	Marionette	INFO	Listening on port 61696
1603403047578	Marionette	WARN	TLS certificate errors will be ignored for this session
Can't find symbol 'eglSwapBuffersWithDamageEXT'.
JavaScript error: https://tpc.googlesyndication.com/pagead/js/r20201020/r20110914/client/qs_click_protection_fy2019.js, line 14: NS_ERROR_NOT_INITIALIZED: 
1603403117529	Marionette	INFO	Stopped listening on port 61696

###!!! [Child][RunMessage] Error: Channel closing: too late to send/recv, messages will be lost


###!!! [Child][MessageChannel::SendAndWait] Error: Channel error: cannot send/recv

1603403410169	geckodriver	INFO	Listening on 127.0.0.1:61936
1603403413217	mozrunner::runner	INFO	Running command: "C:\\Program Files\\Mozilla Firefox\\firefox.exe" "--marionette" "-foreground" "-no-remote" "-profile" "C:\\Users\\90552\\AppData\\Local\\Temp\\rust_mozprofile3T82Zh"
Can't find symbol 'eglSwapBuffersWithDamageEXT'.
JavaScript error: resource://gre/modules/XULStore.jsm, line 66: Error: Can't find profile directory.
console.warn: SearchSettings: "get: No settings file exists, new profile?" (new Error("", "(unknown module)"))
1603403414981	Marionette	INFO	Listening on port 61944
1603403415236	Marionette	WARN	TLS certificate errors will be ignored for this session
Can't find symbol 'eglSwapBuffersWithDamageEXT'.
1603403493509	Marionette	INFO	Stopped listening on port 61944

###!!! [Child][RunMessage] Error: Channel closing: too late to send/recv, messages will be lost


###!!! [Child][MessageChannel::SendAndWait] Error: Channel error: cannot send/recv

1603403520347	geckodriver	INFO	Listening on 127.0.0.1:62081
1603403523394	mozrunner::runner	INFO	Running command: "C:\\Program Files\\Mozilla Firefox\\firefox.exe" "--marionette" "-foreground" "-no-remote" "-profile" "C:\\Users\\90552\\AppData\\Local\\Temp\\rust_mozprofilepwGQ3D"
Can't find symbol 'eglSwapBuffersWithDamageEXT'.
JavaScript error: resource://gre/modules/XULStore.jsm, line 66: Error: Can't find profile directory.
console.warn: SearchSettings: "get: No settings file exists, new profile?" (new Error("", "(unknown module)"))
1603403525234	Marionette	INFO	Listening on port 62089
1603403525414	Marionette	WARN	TLS certificate errors will be ignored for this session
Can't find symbol 'eglSwapBuffersWithDamageEXT'.
1603403611523	Marionette	INFO	Stopped listening on port 62089

###!!! [Child][RunMessage] Error: Channel closing: too late to send/recv, messages will be lost


###!!! [Child][MessageChannel::SendAndWait] Error: Channel error: cannot send/recv

Temp\\rust_mozprofilex0Twnx"
Can't find symbol 'eglSwapBuffersWithDamageEXT'.
JavaScript error: resource://gre/modules/XULStore.jsm, line 66: Error: Can't find profile directory.
console.warn: SearchSettings: "get: No settings file exists, new profile?" (new Error("", "(unknown module)"))
1603403558573	Marionette	INFO	Listening on port 62230
1603403558831	Marionette	WARN	TLS certificate errors will be ignored for this session
Can't find symbol 'eglSwapBuffersWithDamageEXT'.
JavaScript error: https://tpc.googlesyndication.com/pagead/js/r20201020/r20110914/client/qs_click_protection_fy2019.js, line 14: NS_ERROR_NOT_INITIALIZED: 
1603403584474	Marionette	INFO	Stopped listening on port 62230

###!!! [Child][MessageChannel::SendAndWait] Error: Channel error: cannot send/recv

1603403716950	geckodriver	INFO	Listening on 127.0.0.1:62565
1603403719999	mozrunner::runner	INFO	Running command: "C:\\Program Files\\Mozilla Firefox\\firefox.exe" "--marionette" "-foreground" "-no-remote" "-profile" "C:\\Users\\90552\\AppData\\Local\\Temp\\rust_mozprofileeZjvjw"
Can't find symbol 'eglSwapBuffersWithDamageEXT'.
JavaScript error: resource://gre/modules/XULStore.jsm, line 66: Error: Can't find profile directory.
console.warn: SearchSettings: "get: No settings file exists, new profile?" (new Error("", "(unknown module)"))
1603403721812	Marionette	INFO	Listening on port 62573
1603403722019	Marionette	WARN	TLS certificate errors will be ignored for this session
Can't find symbol 'eglSwapBuffersWithDamageEXT'.
JavaScript error: https://tpc.googlesyndication.com/pagead/js/r20201020/r20110914/client/qs_click_protection_fy2019.js, line 14: NS_ERROR_NOT_INITIALIZED: 
JavaScript error: https://tpc.googlesyndication.com/pagead/js/r20201020/r20110914/client/qs_click_protection_fy2019.js, line 14: NS_ERROR_NOT_INITIALIZED: 
JavaScript error: https://tpc.googlesyndication.com/pagead/js/r20201020/r20110914/client/qs_click_protection_fy2019.js, line 14: NS_ERROR_NOT_INITIALIZED: 
JavaScript error: https://tpc.googlesyndication.com/pagead/js/r20201020/r20110914/client/qs_click_protection_fy2019.js, line 14: NS_ERROR_NOT_INITIALIZED: 
JavaScript error: https://tpc.googlesyndication.com/pagead/js/r20201020/r20110914/client/qs_click_protection_fy2019.js, line 14: NS_ERROR_NOT_INITIALIZED: 
1603403769265	Marionette	INFO	Stopped listening on port 62573

###!!! [Child][RunMessage] Error: Channel closing: too late to send/recv, messages will be lost


###!!! [Child][MessageChannel::SendAndWait] Error: Channel error: cannot send/recv

1603404158053	geckodriver	INFO	Listening on 127.0.0.1:63148
1603404161102	mozrunner::runner	INFO	Running command: "C:\\Program Files\\Mozilla Firefox\\firefox.exe" "--marionette" "-foreground" "-no-remote" "-profile" "C:\\Users\\90552\\AppData\\Local\\Temp\\rust_mozprofilecWrTKP"
Can't find symbol 'eglSwapBuffersWithDamageEXT'.
JavaScript error: resource://gre/modules/XULStore.jsm, line 66: Error: Can't find profile directory.
console.warn: SearchSettings: "get: No settings file exists, new profile?" (new Error("", "(unknown module)"))
1603404162765	Marionette	INFO	Listening on port 63156
1603404163120	Marionette	WARN	TLS certificate errors will be ignored for this session
Can't find symbol 'eglSwapBuffersWithDamageEXT'.
JavaScript error: https://tpc.googlesyndication.com/pagead/js/r20201020/r20110914/client/qs_click_protection_fy2019.js, line 14: NS_ERROR_NOT_INITIALIZED: 
JavaScript error: https://tpc.googlesyndication.com/pagead/js/r20201020/r20110914/client/qs_click_protection_fy2019.js, line 14: NS_ERROR_NOT_INITIALIZED: 
JavaScript error: https://tpc.googlesyndication.com/pagead/js/r20201020/r20110914/client/qs_click_protection_fy2019.js, line 14: NS_ERROR_NOT_INITIALIZED: 
1603404210364	Marionette	INFO	Stopped listening on port 63156

###!!! [Child][RunMessage] Error: Channel closing: too late to send/recv, messages will be lost


###!!! [Child][MessageChannel::SendAndWait] Error: Channel error: cannot send/recv

1603404620287	geckodriver	INFO	Listening on 127.0.0.1:63355
1603404623337	mozrunner::runner	INFO	Running command: "C:\\Program Files\\Mozilla Firefox\\firefox.exe" "--marionette" "-foreground" "-no-remote" "-profile" "C:\\Users\\90552\\AppData\\Local\\Temp\\rust_mozprofiles4jayE"
Can't find symbol 'eglSwapBuffersWithDamageEXT'.
JavaScript error: resource://gre/modules/XULStore.jsm, line 66: Error: Can't find profile directory.
console.warn: SearchSettings: "get: No settings file exists, new profile?" (new Error("", "(unknown module)"))
1603404625113	Marionette	INFO	Listening on port 63363
1603404625356	Marionette	WARN	TLS certificate errors will be ignored for this session
Can't find symbol 'eglSwapBuffersWithDamageEXT'.
JavaScript error: https://tpc.googlesyndication.com/pagead/js/r20201020/r20110914/client/qs_click_protection_fy2019.js, line 14: NS_ERROR_NOT_INITIALIZED: 
JavaScript error: https://tpc.googlesyndication.com/pagead/js/r20201020/r20110914/client/qs_click_protection_fy2019.js, line 14: NS_ERROR_NOT_INITIALIZED: 
JavaScript error: https://tpc.googlesyndication.com/sadbundle/$csp%3Der3$/13468213527089918313/index.html#t=15427174540406763845&p=https%3A%2F%2F74cf2f601c9319d6a06d40a3b6eb3d89.safeframe.googlesyndication.com, line 142: ReferenceError: Enabler is not defined
JavaScript error: https://tpc.googlesyndication.com/sadbundle/$csp%3Der3$/13468213527089918313/index.html#t=15427174540406763845&p=https%3A%2F%2F74cf2f601c9319d6a06d40a3b6eb3d89.safeframe.googlesyndication.com, line 147: ReferenceError: Enabler is not defined
JavaScript error: https://tpc.googlesyndication.com/pagead/js/r20201020/r20110914/client/qs_click_protection_fy2019.js, line 14: NS_ERROR_NOT_INITIALIZED: 
JavaScript error: https://tpc.googlesyndication.com/pagead/js/r20201020/r20110914/client/qs_click_protection_fy2019.js, line 14: NS_ERROR_NOT_INITIALIZED: 
JavaScript error: https://tpc.googlesyndication.com/pagead/js/r20201020/r20110914/client/qs_click_protection_fy2019.js, line 14: NS_ERROR_NOT_INITIALIZED: 
JavaScript error: https://tpc.googlesyndication.com/pagead/js/r20201020/r20110914/client/qs_click_protection_fy2019.js, line 14: NS_ERROR_NOT_INITIALIZED: 
JavaScript error: https://tpc.googlesyndication.com/pagead/js/r20201020/r20110914/client/qs_click_protection_fy2019.js, line 14: NS_ERROR_NOT_INITIALIZED: 
JavaScript error: https://tpc.googlesyndication.com/pagead/js/r20201020/r20110914/client/qs_click_protection_fy2019.js, line 14: NS_ERROR_NOT_INITIALIZED: 
1603404664451	Marionette	INFO	Stopped listening on port 63363

###!!! [Child][RunMessage] Error: Channel closing: too late to send/recv, messages will be lost


###!!! [Child][MessageChannel::SendAndWait] Error: Channel error: cannot send/recv

1603404805480	geckodriver	INFO	Listening on 127.0.0.1:63601
1603404808527	mozrunner::runner	INFO	Running command: "C:\\Program Files\\Mozilla Firefox\\firefox.exe" "--marionette" "-foreground" "-no-remote" "-profile" "C:\\Users\\90552\\AppData\\Local\\Temp\\rust_mozprofileyHjI1k"
Can't find symbol 'eglSwapBuffersWithDamageEXT'.
JavaScript error: resource://gre/modules/XULStore.jsm, line 66: Error: Can't find profile directory.
console.warn: SearchSettings: "get: No settings file exists, new profile?" (new Error("", "(unknown module)"))
1603404810426	Marionette	INFO	Listening on port 63609
1603404810559	Marionette	WARN	TLS certificate errors will be ignored for this session
Can't find symbol 'eglSwapBuffersWithDamageEXT'.
JavaScript error: https://tpc.googlesyndication.com/pagead/js/r20201020/r20110914/client/qs_click_protection_fy2019.js, line 14: NS_ERROR_NOT_INITIALIZED: 
JavaScript error: https://tpc.googlesyndication.com/pagead/js/r20201020/r20110914/client/qs_click_protection_fy2019.js, line 14: NS_ERROR_NOT_INITIALIZED: 
JavaScript error: https://tpc.googlesyndication.com/pagead/js/r20201020/r20110914/client/qs_click_protection_fy2019.js, line 14: NS_ERROR_NOT_INITIALIZED: 
JavaScript error: https://tpc.googlesyndication.com/pagead/js/r20201020/r20110914/client/qs_click_protection_fy2019.js, line 14: NS_ERROR_NOT_INITIALIZED: 
JavaScript error: https://tpc.googlesyndication.com/pagead/js/r20201020/r20110914/client/qs_click_protection_fy2019.js, line 14: NS_ERROR_NOT_INITIALIZED: 
JavaScript error: https://tpc.googlesyndication.com/pagead/js/r20201020/r20110914/client/qs_click_protection_fy2019.js, line 14: NS_ERROR_NOT_INITIALIZED: 
JavaScript error: https://tpc.googlesyndication.com/pagead/js/r20201020/r20110914/client/qs_click_protection_fy2019.js, line 14: NS_ERROR_NOT_INITIALIZED: 
1603404847443	Marionette	INFO	Stopped listening on port 63609

###!!! [Child][RunMessage] Error: Channel closing: too late to send/recv, messages will be lost


###!!! [Child][MessageChannel::SendAndWait] Error: Channel error: cannot send/recv

1603404871412	geckodriver	INFO	Listening on 127.0.0.1:63779
1603404874461	mozrunner::runner	INFO	Running command: "C:\\Program Files\\Mozilla Firefox\\firefox.exe" "--marionette" "-foreground" "-no-remote" "-profile" "C:\\Users\\90552\\AppData\\Local\\Temp\\rust_mozprofilevFVJXM"
Can't find symbol 'eglSwapBuffersWithDamageEXT'.
JavaScript error: resource://gre/modules/XULStore.jsm, line 66: Error: Can't find profile directory.
console.warn: SearchSettings: "get: No settings file exists, new profile?" (new Error("", "(unknown module)"))
1603404876053	Marionette	INFO	Listening on port 63787
1603404876481	Marionette	WARN	TLS certificate errors will be ignored for this session
Can't find symbol 'eglSwapBuffersWithDamageEXT'.
JavaScript error: https://cdn.ampproject.org/rtv/012010122315000/v0/amp-analytics-0.1.js, line 135: NS_ERROR_NOT_INITIALIZED: 
JavaScript error: https://tpc.googlesyndication.com/pagead/js/r20201020/r20110914/client/qs_click_protection_fy2019.js, line 14: NS_ERROR_NOT_INITIALIZED: 
1603404914579	Marionette	INFO	Stopped listening on port 63787

###!!! [Child][RunMessage] Error: Channel closing: too late to send/recv, messages will be lost


###!!! [Child][MessageChannel::SendAndWait] Error: Channel error: cannot send/recv

1603405052993	geckodriver	INFO	Listening on 127.0.0.1:64017
1603405056030	mozrunner::runner	INFO	Running command: "C:\\Program Files\\Mozilla Firefox\\firefox.exe" "--marionette" "-foreground" "-no-remote" "-profile" "C:\\Users\\90552\\AppData\\Local\\Temp\\rust_mozprofile1YYoEj"
Can't find symbol 'eglSwapBuffersWithDamageEXT'.
JavaScript error: resource://gre/modules/XULStore.jsm, line 66: Error: Can't find profile directory.
console.warn: SearchSettings: "get: No settings file exists, new profile?" (new Error("", "(unknown module)"))
1603405058065	Marionette	INFO	Listening on port 64025
1603405058167	Marionette	WARN	TLS certificate errors will be ignored for this session
Can't find symbol 'eglSwapBuffersWithDamageEXT'.
1603405095612	Marionette	INFO	Stopped listening on port 64025

###!!! [Child][RunMessage] Error: Channel closing: too late to send/recv, messages will be lost


###!!! [Child][MessageChannel::SendAndWait] Error: Channel error: cannot send/recv

